
2023-07-02 12:42:28,936 : INFO : Test_logInPage : test_HomePage_title_001 :15: TestCase test_HomePage_title_001 started... 
2023-07-02 12:42:28,936 : INFO : Test_logInPage : test_HomePage_title_001 :17: Driver Initializing is Done... 
2023-07-02 12:42:35,158 : INFO : Test_logInPage : test_HomePage_title_001 :19: Opening the Url is Done... 
2023-07-02 12:42:35,209 : INFO : Test_logInPage : test_HomePage_title_001 :21: Capturing Title is Done... 
2023-07-02 12:42:45,224 : INFO : Test_logInPage : test_HomePage_title_001 :25: TestCase test_HomePage_title_001 Passed... 
2023-07-02 12:42:47,615 : INFO : Test_logInPage : test_login_002 :34: TestCase test_login_002 Started... 
2023-07-02 12:42:47,615 : INFO : Test_logInPage : test_login_002 :36: Driver Initializing is Done... 
2023-07-02 12:42:51,506 : INFO : Test_logInPage : test_login_002 :38: Opening the Url is Done... 
2023-07-02 12:42:56,714 : INFO : Test_logInPage : test_login_002 :42: Get SignInLink successfully... 
2023-07-02 12:43:02,910 : INFO : Test_logInPage : test_login_002 :45: Get UserName successfully... 
2023-07-02 12:43:08,126 : INFO : Test_logInPage : test_login_002 :48: Get Password successfully... 
2023-07-02 12:43:10,310 : INFO : Test_logInPage : test_login_002 :50: Get getSignbtn successfully... 
2023-07-02 12:43:15,341 : INFO : Test_logInPage : test_login_002 :53: Capturing Title is Done... 
2023-07-02 12:43:15,341 : INFO : Test_logInPage : test_login_002 :56: TestCase test_login_002 Passed... 
2023-07-02 12:43:20,588 : INFO : Test_logInPage : test_login_002 :63: Get getMenuButton successfully... 
2023-07-02 12:43:30,887 : INFO : Test_logInPage : test_login_002 :66: Get getSingOutbtn successfully... 
2023-07-02 12:43:42,947 : INFO : Test_logInPage : test_login_002 :69: Get getConSignOut successfully... 
2023-07-02 16:47:18,132 : INFO : Test_logInPage : test_HomePage_title_001 :15: TestCase test_HomePage_title_001 started... 
2023-07-02 16:47:18,133 : INFO : Test_logInPage : test_HomePage_title_001 :17: Driver Initializing is Done... 
2023-07-02 16:47:23,810 : INFO : Test_logInPage : test_HomePage_title_001 :19: Opening the Url is Done... 
2023-07-02 16:47:23,821 : INFO : Test_logInPage : test_HomePage_title_001 :21: Capturing Title is Done... 
2023-07-02 16:47:33,828 : INFO : Test_logInPage : test_HomePage_title_001 :25: TestCase test_HomePage_title_001 Passed... 
2023-07-02 16:47:35,389 : INFO : Test_logInPage : test_login_002 :36: TestCase test_login_002 Started... 
2023-07-02 16:47:35,389 : INFO : Test_logInPage : test_login_002 :38: Driver Initializing is Done... 
2023-07-02 16:47:37,081 : INFO : Test_logInPage : test_login_002 :40: Opening the Url is Done... 
2023-07-02 16:48:52,751 : INFO : Test_logInPage : test_HomePage_title_001 :15: TestCase test_HomePage_title_001 started... 
2023-07-02 16:48:52,752 : INFO : Test_logInPage : test_HomePage_title_001 :17: Driver Initializing is Done... 
2023-07-02 16:48:54,245 : INFO : Test_logInPage : test_HomePage_title_001 :19: Opening the Url is Done... 
2023-07-02 16:48:54,623 : INFO : Test_logInPage : test_HomePage_title_001 :21: Capturing Title is Done... 
2023-07-02 16:49:04,631 : INFO : Test_logInPage : test_HomePage_title_001 :25: TestCase test_HomePage_title_001 Passed... 
2023-07-02 16:49:06,148 : INFO : Test_logInPage : test_login_002 :36: TestCase test_login_002 Started... 
2023-07-02 16:49:06,150 : INFO : Test_logInPage : test_login_002 :38: Driver Initializing is Done... 
2023-07-02 16:49:07,804 : INFO : Test_logInPage : test_login_002 :40: Opening the Url is Done... 
2023-07-02 16:49:52,338 : INFO : Test_logInPage : test_HomePage_title_001 :15: TestCase test_HomePage_title_001 started... 
2023-07-02 16:49:52,339 : INFO : Test_logInPage : test_HomePage_title_001 :17: Driver Initializing is Done... 
2023-07-02 16:49:56,004 : INFO : Test_logInPage : test_HomePage_title_001 :19: Opening the Url is Done... 
2023-07-02 16:49:56,017 : INFO : Test_logInPage : test_HomePage_title_001 :21: Capturing Title is Done... 
2023-07-02 16:50:06,023 : INFO : Test_logInPage : test_HomePage_title_001 :25: TestCase test_HomePage_title_001 Passed... 
2023-07-02 16:50:10,413 : INFO : Test_logInPage : test_login_002 :36: TestCase test_login_002 Started... 
2023-07-02 16:50:10,413 : INFO : Test_logInPage : test_login_002 :38: Driver Initializing is Done... 
2023-07-02 16:50:14,574 : INFO : Test_logInPage : test_login_002 :40: Opening the Url is Done... 
2023-07-02 16:50:19,751 : INFO : Test_logInPage : test_login_002 :44: Get SignInLink successfully... 
2023-07-02 16:50:25,953 : INFO : Test_logInPage : test_login_002 :47: Get UserName successfully... 
2023-07-02 16:50:31,131 : INFO : Test_logInPage : test_login_002 :50: Get Password successfully... 
2023-07-02 16:50:33,421 : INFO : Test_logInPage : test_login_002 :52: Get getSignbtn successfully... 
2023-07-02 16:50:38,444 : INFO : Test_logInPage : test_login_002 :55: Capturing Title is Done... 
2023-07-02 16:50:38,445 : INFO : Test_logInPage : test_login_002 :58: TestCase test_login_002 Passed... 
2023-07-02 16:50:43,718 : INFO : Test_logInPage : test_login_002 :67: Get getMenuButton successfully... 
2023-07-02 16:50:53,861 : INFO : Test_logInPage : test_login_002 :70: Get getSingOutbtn successfully... 
2023-07-02 16:51:05,644 : INFO : Test_logInPage : test_login_002 :73: Get getConSignOut successfully... 
